# Logfile created on 2013-04-20 10:32:44 +0530 by logger.rb/31641
2013-04-20T10:32:44+0530: [Worker(delayed_job host:integra1-System-Product-Name pid:3392)] Starting job worker
2013-04-20T10:32:55+0530: [Worker(delayed_job host:integra1-System-Product-Name pid:3392)] Snorby::Jobs::SensorCacheJob completed after 0.7119
2013-04-20T10:33:53+0530: [Worker(delayed_job host:integra1-System-Product-Name pid:3392)] Snorby::Jobs::GeoipUpdatedbJob completed after 57.3798
2013-04-20T10:33:53+0530: [Worker(delayed_job host:integra1-System-Product-Name pid:3392)] 2 jobs processed at 0.0343 j/s, 0 failed ...
2013-04-20T10:42:59+0530: [Worker(delayed_job host:integra1-System-Product-Name pid:3392)] Snorby::Jobs::SensorCacheJob completed after 0.5948
2013-04-20T10:42:59+0530: [Worker(delayed_job host:integra1-System-Product-Name pid:3392)] 1 jobs processed at 1.5081 j/s, 0 failed ...
2013-04-20T10:53:01+0530: [Worker(delayed_job host:integra1-System-Product-Name pid:3392)] Snorby::Jobs::SensorCacheJob completed after 0.5797
2013-04-20T10:53:01+0530: [Worker(delayed_job host:integra1-System-Product-Name pid:3392)] 1 jobs processed at 1.5463 j/s, 0 failed ...
2013-04-20T11:03:02+0530: [Worker(delayed_job host:integra1-System-Product-Name pid:3392)] Snorby::Jobs::SensorCacheJob completed after 0.5949
2013-04-20T11:03:02+0530: [Worker(delayed_job host:integra1-System-Product-Name pid:3392)] 1 jobs processed at 1.5047 j/s, 0 failed ...
2013-04-20T11:04:29+0530: [Worker(delayed_job host:integra1-System-Product-Name pid:4171)] Starting job worker
2013-04-20T11:13:06+0530: [Worker(delayed_job host:integra1-System-Product-Name pid:4171)] Snorby::Jobs::SensorCacheJob completed after 0.6113
2013-04-20T11:13:06+0530: [Worker(delayed_job host:integra1-System-Product-Name pid:4171)] 1 jobs processed at 1.4509 j/s, 0 failed ...
2013-04-20T11:23:07+0530: [Worker(delayed_job host:integra1-System-Product-Name pid:4171)] Snorby::Jobs::SensorCacheJob completed after 0.5625
2013-04-20T11:23:07+0530: [Worker(delayed_job host:integra1-System-Product-Name pid:4171)] 1 jobs processed at 1.5583 j/s, 0 failed ...
2013-04-20T11:26:15+0530: [Worker(delayed_job host:integra1-System-Product-Name pid:4605)] Starting job worker
2013-04-20T11:37:17+0530: [Worker(delayed_job host:integra1-System-Product-Name pid:5297)] Starting job worker
2013-04-20T11:37:28+0530: [Worker(delayed_job host:integra1-System-Product-Name pid:5297)] Snorby::Jobs::SensorCacheJob completed after 0.5965
2013-04-20T11:38:15+0530: [Worker(delayed_job host:integra1-System-Product-Name pid:5297)] Snorby::Jobs::GeoipUpdatedbJob completed after 47.5678
2013-04-20T11:38:15+0530: [Worker(delayed_job host:integra1-System-Product-Name pid:5297)] 2 jobs processed at 0.0414 j/s, 0 failed ...
2013-04-20T11:43:35+0530: [Worker(delayed_job host:integra1-System-Product-Name pid:5759)] Starting job worker
2013-04-20T11:43:46+0530: [Worker(delayed_job host:integra1-System-Product-Name pid:5759)] Snorby::Jobs::SensorCacheJob completed after 0.6029
2013-04-20T11:44:52+0530: [Worker(delayed_job host:integra1-System-Product-Name pid:5759)] Snorby::Jobs::GeoipUpdatedbJob completed after 66.1904
2013-04-20T11:44:52+0530: [Worker(delayed_job host:integra1-System-Product-Name pid:5759)] 2 jobs processed at 0.0299 j/s, 0 failed ...
2013-04-20T11:53:49+0530: [Worker(delayed_job host:integra1-System-Product-Name pid:5759)] Snorby::Jobs::SensorCacheJob completed after 0.6181
2013-04-20T11:53:49+0530: [Worker(delayed_job host:integra1-System-Product-Name pid:5759)] 1 jobs processed at 1.4385 j/s, 0 failed ...
2013-04-20T14:53:48+0530: [Worker(delayed_job host:integra1-System-Product-Name pid:2579)] Starting job worker
2013-04-20T14:53:59+0530: [Worker(delayed_job host:integra1-System-Product-Name pid:2579)] Snorby::Jobs::SensorCacheJob completed after 0.7031
2013-04-20T14:54:40+0530: [Worker(delayed_job host:integra1-System-Product-Name pid:2579)] Snorby::Jobs::GeoipUpdatedbJob completed after 41.2784
2013-04-20T14:54:40+0530: [Worker(delayed_job host:integra1-System-Product-Name pid:2579)] 2 jobs processed at 0.0474 j/s, 0 failed ...
2013-04-20T15:13:18+0530: [Worker(delayed_job host:integra1-System-Product-Name pid:2615)] Starting job worker
2013-04-20T15:13:29+0530: [Worker(delayed_job host:integra1-System-Product-Name pid:2615)] Snorby::Jobs::SensorCacheJob completed after 0.6804
2013-04-20T15:16:10+0530: [Worker(delayed_job host:integra1-System-Product-Name pid:2615)] Snorby::Jobs::GeoipUpdatedbJob completed after 160.8993
2013-04-20T15:16:10+0530: [Worker(delayed_job host:integra1-System-Product-Name pid:2615)] 2 jobs processed at 0.0124 j/s, 0 failed ...
2013-04-20T15:23:32+0530: [Worker(delayed_job host:integra1-System-Product-Name pid:2615)] Snorby::Jobs::SensorCacheJob completed after 0.6289
2013-04-20T15:23:32+0530: [Worker(delayed_job host:integra1-System-Product-Name pid:2615)] 1 jobs processed at 1.3729 j/s, 0 failed ...
2013-04-20T15:33:33+0530: [Worker(delayed_job host:integra1-System-Product-Name pid:2615)] Snorby::Jobs::SensorCacheJob completed after 0.6597
2013-04-20T15:33:33+0530: [Worker(delayed_job host:integra1-System-Product-Name pid:2615)] 1 jobs processed at 1.3504 j/s, 0 failed ...
2013-04-20T15:40:43+0530: [Worker(delayed_job host:integra1-System-Product-Name pid:3229)] Starting job worker
2013-04-20T15:40:54+0530: [Worker(delayed_job host:integra1-System-Product-Name pid:3229)] Snorby::Jobs::SensorCacheJob completed after 0.5863
2013-04-20T15:41:40+0530: [Worker(delayed_job host:integra1-System-Product-Name pid:3229)] Snorby::Jobs::GeoipUpdatedbJob completed after 46.5612
2013-04-20T15:41:40+0530: [Worker(delayed_job host:integra1-System-Product-Name pid:3229)] 2 jobs processed at 0.0423 j/s, 0 failed ...
2013-04-20T15:47:39+0530: [Worker(delayed_job host:integra1-System-Product-Name pid:3760)] Starting job worker
2013-04-20T15:47:50+0530: [Worker(delayed_job host:integra1-System-Product-Name pid:3760)] Snorby::Jobs::SensorCacheJob completed after 0.6031
2013-04-20T15:51:43+0530: [Worker(delayed_job host:integra1-System-Product-Name pid:3760)] Snorby::Jobs::GeoipUpdatedbJob completed after 233.2129
2013-04-20T15:51:43+0530: [Worker(delayed_job host:integra1-System-Product-Name pid:3760)] 2 jobs processed at 0.0085 j/s, 0 failed ...
2013-04-20T15:59:54+0530: [Worker(delayed_job host:integra1-System-Product-Name pid:2539)] Starting job worker
2013-04-20T16:00:04+0530: [Worker(delayed_job host:integra1-System-Product-Name pid:2539)] Snorby::Jobs::SensorCacheJob completed after 0.7198
2013-04-20T16:00:46+0530: [Worker(delayed_job host:integra1-System-Product-Name pid:2539)] Snorby::Jobs::GeoipUpdatedbJob completed after 41.4612
2013-04-20T16:00:46+0530: [Worker(delayed_job host:integra1-System-Product-Name pid:2539)] 2 jobs processed at 0.0472 j/s, 0 failed ...
2013-04-20T16:10:08+0530: [Worker(delayed_job host:integra1-System-Product-Name pid:2539)] Snorby::Jobs::SensorCacheJob completed after 0.6044
2013-04-20T16:10:08+0530: [Worker(delayed_job host:integra1-System-Product-Name pid:2539)] 1 jobs processed at 1.4549 j/s, 0 failed ...
2013-04-20T16:20:09+0530: [Worker(delayed_job host:integra1-System-Product-Name pid:2539)] Snorby::Jobs::SensorCacheJob completed after 0.6366
2013-04-20T16:20:09+0530: [Worker(delayed_job host:integra1-System-Product-Name pid:2539)] 1 jobs processed at 1.3947 j/s, 0 failed ...
2013-04-20T16:30:11+0530: [Worker(delayed_job host:integra1-System-Product-Name pid:2539)] Snorby::Jobs::SensorCacheJob completed after 0.6782
2013-04-20T16:30:11+0530: [Worker(delayed_job host:integra1-System-Product-Name pid:2539)] 1 jobs processed at 1.3096 j/s, 0 failed ...
2013-04-20T16:40:13+0530: [Worker(delayed_job host:integra1-System-Product-Name pid:2539)] Snorby::Jobs::SensorCacheJob completed after 0.5871
2013-04-20T16:40:13+0530: [Worker(delayed_job host:integra1-System-Product-Name pid:2539)] 1 jobs processed at 1.5539 j/s, 0 failed ...
2013-04-20T16:50:14+0530: [Worker(delayed_job host:integra1-System-Product-Name pid:2539)] Snorby::Jobs::SensorCacheJob completed after 0.6032
2013-04-20T16:50:14+0530: [Worker(delayed_job host:integra1-System-Product-Name pid:2539)] 1 jobs processed at 1.4963 j/s, 0 failed ...
2013-04-20T16:56:13+0530: [Worker(delayed_job host:integra1-System-Product-Name pid:3177)] Starting job worker
2013-04-20T16:56:28+0530: [Worker(delayed_job host:integra1-System-Product-Name pid:3177)] Snorby::Jobs::SensorCacheJob completed after 0.6558
2013-04-20T16:59:01+0530: [Worker(delayed_job host:integra1-System-Product-Name pid:3177)] Snorby::Jobs::GeoipUpdatedbJob completed after 152.5829
2013-04-20T16:59:01+0530: [Worker(delayed_job host:integra1-System-Product-Name pid:3177)] 2 jobs processed at 0.0130 j/s, 0 failed ...
2013-04-20T17:06:32+0530: [Worker(delayed_job host:integra1-System-Product-Name pid:3177)] Snorby::Jobs::SensorCacheJob completed after 0.5963
2013-04-20T17:06:32+0530: [Worker(delayed_job host:integra1-System-Product-Name pid:3177)] 1 jobs processed at 1.5110 j/s, 0 failed ...
2013-04-20T17:16:34+0530: [Worker(delayed_job host:integra1-System-Product-Name pid:3177)] Snorby::Jobs::SensorCacheJob completed after 0.6198
2013-04-20T17:16:34+0530: [Worker(delayed_job host:integra1-System-Product-Name pid:3177)] 1 jobs processed at 1.3826 j/s, 0 failed ...
2013-04-20T17:26:36+0530: [Worker(delayed_job host:integra1-System-Product-Name pid:3177)] Snorby::Jobs::SensorCacheJob completed after 0.5948
2013-04-20T17:26:36+0530: [Worker(delayed_job host:integra1-System-Product-Name pid:3177)] 1 jobs processed at 1.3758 j/s, 0 failed ...
2013-04-20T17:36:38+0530: [Worker(delayed_job host:integra1-System-Product-Name pid:3177)] Snorby::Jobs::SensorCacheJob completed after 0.5949
2013-04-20T17:36:38+0530: [Worker(delayed_job host:integra1-System-Product-Name pid:3177)] 1 jobs processed at 1.4820 j/s, 0 failed ...
2013-04-20T17:46:39+0530: [Worker(delayed_job host:integra1-System-Product-Name pid:3177)] Snorby::Jobs::SensorCacheJob completed after 0.6280
2013-04-20T17:46:39+0530: [Worker(delayed_job host:integra1-System-Product-Name pid:3177)] 1 jobs processed at 1.4375 j/s, 0 failed ...
2013-04-20T17:56:41+0530: [Worker(delayed_job host:integra1-System-Product-Name pid:3177)] Snorby::Jobs::SensorCacheJob completed after 0.6447
2013-04-20T17:56:41+0530: [Worker(delayed_job host:integra1-System-Product-Name pid:3177)] 1 jobs processed at 1.3654 j/s, 0 failed ...
2013-04-20T18:06:43+0530: [Worker(delayed_job host:integra1-System-Product-Name pid:3177)] Snorby::Jobs::SensorCacheJob completed after 0.5848
2013-04-20T18:06:43+0530: [Worker(delayed_job host:integra1-System-Product-Name pid:3177)] 1 jobs processed at 1.5694 j/s, 0 failed ...
2013-04-20T18:16:44+0530: [Worker(delayed_job host:integra1-System-Product-Name pid:3177)] Snorby::Jobs::SensorCacheJob completed after 0.6366
2013-04-20T18:16:44+0530: [Worker(delayed_job host:integra1-System-Product-Name pid:3177)] 1 jobs processed at 1.3650 j/s, 0 failed ...
2013-04-20T18:26:46+0530: [Worker(delayed_job host:integra1-System-Product-Name pid:3177)] Snorby::Jobs::SensorCacheJob completed after 0.6113
2013-04-20T18:26:46+0530: [Worker(delayed_job host:integra1-System-Product-Name pid:3177)] 1 jobs processed at 1.4226 j/s, 0 failed ...
2013-04-20T18:36:47+0530: [Worker(delayed_job host:integra1-System-Product-Name pid:3177)] Snorby::Jobs::SensorCacheJob completed after 0.5938
2013-04-20T18:36:47+0530: [Worker(delayed_job host:integra1-System-Product-Name pid:3177)] 1 jobs processed at 1.5050 j/s, 0 failed ...
2013-04-20T18:46:49+0530: [Worker(delayed_job host:integra1-System-Product-Name pid:3177)] Snorby::Jobs::SensorCacheJob completed after 0.6199
2013-04-20T18:46:49+0530: [Worker(delayed_job host:integra1-System-Product-Name pid:3177)] 1 jobs processed at 1.4091 j/s, 0 failed ...
2013-04-20T18:56:51+0530: [Worker(delayed_job host:integra1-System-Product-Name pid:3177)] Snorby::Jobs::SensorCacheJob completed after 0.6124
2013-04-20T18:56:51+0530: [Worker(delayed_job host:integra1-System-Product-Name pid:3177)] 1 jobs processed at 1.4186 j/s, 0 failed ...
2013-04-20T19:06:53+0530: [Worker(delayed_job host:integra1-System-Product-Name pid:3177)] Snorby::Jobs::SensorCacheJob completed after 0.6038
2013-04-20T19:06:53+0530: [Worker(delayed_job host:integra1-System-Product-Name pid:3177)] 1 jobs processed at 1.4780 j/s, 0 failed ...
2013-04-20T19:16:54+0530: [Worker(delayed_job host:integra1-System-Product-Name pid:3177)] Snorby::Jobs::SensorCacheJob completed after 0.5781
2013-04-20T19:16:54+0530: [Worker(delayed_job host:integra1-System-Product-Name pid:3177)] 1 jobs processed at 1.5293 j/s, 0 failed ...
2013-04-20T19:26:56+0530: [Worker(delayed_job host:integra1-System-Product-Name pid:3177)] Snorby::Jobs::SensorCacheJob completed after 0.5964
2013-04-20T19:26:56+0530: [Worker(delayed_job host:integra1-System-Product-Name pid:3177)] 1 jobs processed at 1.4570 j/s, 0 failed ...
2013-04-20T19:36:58+0530: [Worker(delayed_job host:integra1-System-Product-Name pid:3177)] Snorby::Jobs::SensorCacheJob completed after 0.5784
2013-04-20T19:36:58+0530: [Worker(delayed_job host:integra1-System-Product-Name pid:3177)] 1 jobs processed at 1.5472 j/s, 0 failed ...
2013-04-20T19:46:59+0530: [Worker(delayed_job host:integra1-System-Product-Name pid:3177)] Snorby::Jobs::SensorCacheJob completed after 0.6115
2013-04-20T19:46:59+0530: [Worker(delayed_job host:integra1-System-Product-Name pid:3177)] 1 jobs processed at 1.4037 j/s, 0 failed ...
2013-04-20T19:57:01+0530: [Worker(delayed_job host:integra1-System-Product-Name pid:3177)] Snorby::Jobs::SensorCacheJob completed after 0.6031
2013-04-20T19:57:01+0530: [Worker(delayed_job host:integra1-System-Product-Name pid:3177)] 1 jobs processed at 1.4058 j/s, 0 failed ...
2013-04-22T10:03:25+0530: [Worker(delayed_job host:integra1-System-Product-Name pid:3753)] Starting job worker
2013-04-22T10:03:41+0530: [Worker(delayed_job host:integra1-System-Product-Name pid:3753)] Snorby::Jobs::SensorCacheJob completed after 0.8115
2013-04-22T10:04:35+0530: [Worker(delayed_job host:integra1-System-Product-Name pid:3753)] Snorby::Jobs::GeoipUpdatedbJob completed after 53.7537
2013-04-22T10:04:35+0530: [Worker(delayed_job host:integra1-System-Product-Name pid:3753)] 2 jobs processed at 0.0365 j/s, 0 failed ...
2013-04-22T10:13:42+0530: [Worker(delayed_job host:integra1-System-Product-Name pid:3753)] Snorby::Jobs::SensorCacheJob completed after 0.5616
2013-04-22T10:13:42+0530: [Worker(delayed_job host:integra1-System-Product-Name pid:3753)] 1 jobs processed at 1.5340 j/s, 0 failed ...
2013-04-22T10:23:43+0530: [Worker(delayed_job host:integra1-System-Product-Name pid:3753)] Snorby::Jobs::SensorCacheJob completed after 0.6027
2013-04-22T10:23:43+0530: [Worker(delayed_job host:integra1-System-Product-Name pid:3753)] 1 jobs processed at 1.3804 j/s, 0 failed ...
2013-04-22T10:33:45+0530: [Worker(delayed_job host:integra1-System-Product-Name pid:3753)] Snorby::Jobs::SensorCacheJob completed after 0.7531
2013-04-22T10:33:45+0530: [Worker(delayed_job host:integra1-System-Product-Name pid:3753)] 1 jobs processed at 1.1489 j/s, 0 failed ...
2013-04-22T10:34:05+0530: [Worker(delayed_job host:integra1-System-Product-Name pid:4519)] Starting job worker
2013-04-22T10:34:21+0530: [Worker(delayed_job host:integra1-System-Product-Name pid:4519)] Snorby::Jobs::SensorCacheJob completed after 0.6880
2013-04-22T10:34:31+0530: [Worker(delayed_job host:integra1-System-Product-Name pid:4519)] Snorby::Jobs::GeoipUpdatedbJob completed after 10.0456
2013-04-22T10:34:31+0530: [Worker(delayed_job host:integra1-System-Product-Name pid:4519)] 2 jobs processed at 0.1836 j/s, 0 failed ...
2013-04-22T10:37:13+0530: [Worker(delayed_job host:integra1-System-Product-Name pid:4770)] Starting job worker
2013-04-22T10:37:24+0530: [Worker(delayed_job host:integra1-System-Product-Name pid:4770)] Snorby::Jobs::SensorCacheJob completed after 0.6963
2013-04-22T10:37:41+0530: [Worker(delayed_job host:integra1-System-Product-Name pid:4770)] Snorby::Jobs::GeoipUpdatedbJob completed after 17.3346
2013-04-22T10:37:41+0530: [Worker(delayed_job host:integra1-System-Product-Name pid:4770)] 2 jobs processed at 0.1100 j/s, 0 failed ...
2013-04-22T10:39:20+0530: [Worker(delayed_job host:integra1-System-Product-Name pid:5044)] Starting job worker
2013-04-22T10:39:31+0530: [Worker(delayed_job host:integra1-System-Product-Name pid:5044)] Snorby::Jobs::SensorCacheJob completed after 0.6371
2013-04-22T10:40:36+0530: [Worker(delayed_job host:integra1-System-Product-Name pid:5044)] Snorby::Jobs::GeoipUpdatedbJob completed after 65.6766
2013-04-22T10:40:36+0530: [Worker(delayed_job host:integra1-System-Product-Name pid:5044)] 2 jobs processed at 0.0301 j/s, 0 failed ...
2013-04-22T10:46:46+0530: [Worker(delayed_job host:integra1-System-Product-Name pid:5956)] Starting job worker
2013-04-22T10:46:57+0530: [Worker(delayed_job host:integra1-System-Product-Name pid:5956)] Snorby::Jobs::SensorCacheJob completed after 0.7613
2013-04-22T10:48:48+0530: [Worker(delayed_job host:integra1-System-Product-Name pid:5956)] Snorby::Jobs::GeoipUpdatedbJob completed after 111.0666
2013-04-22T10:48:48+0530: [Worker(delayed_job host:integra1-System-Product-Name pid:5956)] 2 jobs processed at 0.0179 j/s, 0 failed ...
2013-04-22T10:51:44+0530: [Worker(delayed_job host:integra1-System-Product-Name pid:6347)] Starting job worker
2013-04-22T10:51:54+0530: [Worker(delayed_job host:integra1-System-Product-Name pid:6347)] Snorby::Jobs::SensorCacheJob completed after 0.6701
2013-04-22T10:52:16+0530: [Worker(delayed_job host:integra1-System-Product-Name pid:6347)] Snorby::Jobs::GeoipUpdatedbJob completed after 21.9042
2013-04-22T10:52:16+0530: [Worker(delayed_job host:integra1-System-Product-Name pid:6347)] 2 jobs processed at 0.0880 j/s, 0 failed ...
2013-04-22T10:56:39+0530: [Worker(delayed_job host:integra1-System-Product-Name pid:6530)] Starting job worker
2013-04-22T10:56:50+0530: [Worker(delayed_job host:integra1-System-Product-Name pid:6530)] Snorby::Jobs::SensorCacheJob completed after 0.6295
2013-04-22T10:57:19+0530: [Worker(delayed_job host:integra1-System-Product-Name pid:6530)] Snorby::Jobs::GeoipUpdatedbJob completed after 29.0585
2013-04-22T10:57:19+0530: [Worker(delayed_job host:integra1-System-Product-Name pid:6530)] 2 jobs processed at 0.0670 j/s, 0 failed ...
2013-04-22T10:58:51+0530: [Worker(delayed_job host:integra1-System-Product-Name pid:6666)] Starting job worker
2013-04-22T10:59:02+0530: [Worker(delayed_job host:integra1-System-Product-Name pid:6666)] Snorby::Jobs::SensorCacheJob completed after 0.6296
2013-04-22T10:59:20+0530: [Worker(delayed_job host:integra1-System-Product-Name pid:6666)] Snorby::Jobs::GeoipUpdatedbJob completed after 18.6941
2013-04-22T10:59:20+0530: [Worker(delayed_job host:integra1-System-Product-Name pid:6666)] 2 jobs processed at 0.1027 j/s, 0 failed ...
2013-04-22T11:09:07+0530: [Worker(delayed_job host:integra1-System-Product-Name pid:6666)] Snorby::Jobs::SensorCacheJob completed after 0.6029
2013-04-22T11:09:07+0530: [Worker(delayed_job host:integra1-System-Product-Name pid:6666)] 1 jobs processed at 1.4647 j/s, 0 failed ...
2013-04-22T11:19:09+0530: [Worker(delayed_job host:integra1-System-Product-Name pid:6666)] Snorby::Jobs::SensorCacheJob completed after 0.5950
2013-04-22T11:19:09+0530: [Worker(delayed_job host:integra1-System-Product-Name pid:6666)] 1 jobs processed at 1.5363 j/s, 0 failed ...
2013-04-22T11:29:11+0530: [Worker(delayed_job host:integra1-System-Product-Name pid:6666)] Snorby::Jobs::SensorCacheJob completed after 1.2780
2013-04-22T11:29:11+0530: [Worker(delayed_job host:integra1-System-Product-Name pid:6666)] 1 jobs processed at 0.6310 j/s, 0 failed ...
2013-04-22T11:39:13+0530: [Worker(delayed_job host:integra1-System-Product-Name pid:6666)] Snorby::Jobs::SensorCacheJob completed after 0.7149
2013-04-22T11:39:13+0530: [Worker(delayed_job host:integra1-System-Product-Name pid:6666)] 1 jobs processed at 1.1939 j/s, 0 failed ...
2013-04-22T11:46:27+0530: [Worker(delayed_job host:integra1-System-Product-Name pid:7779)] Starting job worker
2013-04-22T11:46:38+0530: [Worker(delayed_job host:integra1-System-Product-Name pid:7779)] Snorby::Jobs::SensorCacheJob completed after 0.7637
2013-04-22T11:47:13+0530: [Worker(delayed_job host:integra1-System-Product-Name pid:7779)] Snorby::Jobs::GeoipUpdatedbJob completed after 34.5347
2013-04-22T11:47:13+0530: [Worker(delayed_job host:integra1-System-Product-Name pid:7779)] 2 jobs processed at 0.0564 j/s, 0 failed ...
2013-04-22T11:56:39+0530: [Worker(delayed_job host:integra1-System-Product-Name pid:7779)] Snorby::Jobs::SensorCacheJob completed after 0.6699
2013-04-22T11:56:39+0530: [Worker(delayed_job host:integra1-System-Product-Name pid:7779)] 1 jobs processed at 1.2545 j/s, 0 failed ...
2013-04-22T11:57:38+0530: [Worker(delayed_job host:integra1-System-Product-Name pid:7968)] Starting job worker
2013-04-22T11:57:49+0530: [Worker(delayed_job host:integra1-System-Product-Name pid:7968)] Snorby::Jobs::SensorCacheJob completed after 0.7267
2013-04-22T11:59:20+0530: [Worker(delayed_job host:integra1-System-Product-Name pid:7968)] Snorby::Jobs::GeoipUpdatedbJob completed after 90.7410
2013-04-22T11:59:20+0530: [Worker(delayed_job host:integra1-System-Product-Name pid:7968)] 2 jobs processed at 0.0218 j/s, 0 failed ...
2013-04-22T14:07:03+0530: [Worker(delayed_job host:integra1-System-Product-Name pid:2520)] Starting job worker
2013-04-22T14:07:14+0530: [Worker(delayed_job host:integra1-System-Product-Name pid:2520)] Snorby::Jobs::SensorCacheJob completed after 0.7607
2013-04-22T14:08:24+0530: [Worker(delayed_job host:integra1-System-Product-Name pid:2520)] Snorby::Jobs::GeoipUpdatedbJob completed after 69.7830
2013-04-22T14:08:24+0530: [Worker(delayed_job host:integra1-System-Product-Name pid:2520)] 2 jobs processed at 0.0283 j/s, 0 failed ...
2013-04-22T14:17:16+0530: [Worker(delayed_job host:integra1-System-Product-Name pid:2520)] Snorby::Jobs::SensorCacheJob completed after 0.6630
2013-04-22T14:17:16+0530: [Worker(delayed_job host:integra1-System-Product-Name pid:2520)] 1 jobs processed at 1.3045 j/s, 0 failed ...
2013-04-22T14:27:18+0530: [Worker(delayed_job host:integra1-System-Product-Name pid:2520)] Snorby::Jobs::SensorCacheJob completed after 0.6782
2013-04-22T14:27:18+0530: [Worker(delayed_job host:integra1-System-Product-Name pid:2520)] 1 jobs processed at 1.3268 j/s, 0 failed ...
2013-04-22T14:37:19+0530: [Worker(delayed_job host:integra1-System-Product-Name pid:2520)] Snorby::Jobs::SensorCacheJob completed after 0.6198
2013-04-22T14:37:19+0530: [Worker(delayed_job host:integra1-System-Product-Name pid:2520)] 1 jobs processed at 1.4160 j/s, 0 failed ...
2013-04-22T14:47:21+0530: [Worker(delayed_job host:integra1-System-Product-Name pid:2520)] Snorby::Jobs::SensorCacheJob completed after 0.6614
2013-04-22T14:47:21+0530: [Worker(delayed_job host:integra1-System-Product-Name pid:2520)] 1 jobs processed at 1.3237 j/s, 0 failed ...
2013-04-22T14:57:23+0530: [Worker(delayed_job host:integra1-System-Product-Name pid:2520)] Snorby::Jobs::SensorCacheJob completed after 0.7063
2013-04-22T14:57:23+0530: [Worker(delayed_job host:integra1-System-Product-Name pid:2520)] 1 jobs processed at 1.2323 j/s, 0 failed ...
2013-04-22T15:07:24+0530: [Worker(delayed_job host:integra1-System-Product-Name pid:2520)] Snorby::Jobs::SensorCacheJob completed after 0.5948
2013-04-22T15:07:25+0530: [Worker(delayed_job host:integra1-System-Product-Name pid:2520)] 1 jobs processed at 1.4672 j/s, 0 failed ...
2013-04-22T15:17:26+0530: [Worker(delayed_job host:integra1-System-Product-Name pid:2520)] Snorby::Jobs::SensorCacheJob completed after 0.5948
2013-04-22T15:17:26+0530: [Worker(delayed_job host:integra1-System-Product-Name pid:2520)] 1 jobs processed at 1.5020 j/s, 0 failed ...
2013-04-22T15:27:28+0530: [Worker(delayed_job host:integra1-System-Product-Name pid:2520)] Snorby::Jobs::SensorCacheJob completed after 0.6716
2013-04-22T15:27:28+0530: [Worker(delayed_job host:integra1-System-Product-Name pid:2520)] 1 jobs processed at 1.3168 j/s, 0 failed ...
2013-04-22T15:37:30+0530: [Worker(delayed_job host:integra1-System-Product-Name pid:2520)] Snorby::Jobs::SensorCacheJob completed after 0.6533
2013-04-22T15:37:30+0530: [Worker(delayed_job host:integra1-System-Product-Name pid:2520)] 1 jobs processed at 1.3403 j/s, 0 failed ...
2013-04-22T15:47:31+0530: [Worker(delayed_job host:integra1-System-Product-Name pid:2520)] Snorby::Jobs::SensorCacheJob completed after 0.6364
2013-04-22T15:47:31+0530: [Worker(delayed_job host:integra1-System-Product-Name pid:2520)] 1 jobs processed at 1.4428 j/s, 0 failed ...
2013-04-22T15:57:33+0530: [Worker(delayed_job host:integra1-System-Product-Name pid:2520)] Snorby::Jobs::SensorCacheJob completed after 0.7212
2013-04-22T15:57:33+0530: [Worker(delayed_job host:integra1-System-Product-Name pid:2520)] 1 jobs processed at 1.1770 j/s, 0 failed ...
2013-04-22T16:07:35+0530: [Worker(delayed_job host:integra1-System-Product-Name pid:2520)] Snorby::Jobs::SensorCacheJob completed after 0.6282
2013-04-22T16:07:35+0530: [Worker(delayed_job host:integra1-System-Product-Name pid:2520)] 1 jobs processed at 1.4396 j/s, 0 failed ...
2013-04-22T16:17:37+0530: [Worker(delayed_job host:integra1-System-Product-Name pid:2520)] Snorby::Jobs::SensorCacheJob completed after 0.6698
2013-04-22T16:17:37+0530: [Worker(delayed_job host:integra1-System-Product-Name pid:2520)] 1 jobs processed at 1.3354 j/s, 0 failed ...
2013-04-22T16:27:39+0530: [Worker(delayed_job host:integra1-System-Product-Name pid:2520)] Snorby::Jobs::SensorCacheJob completed after 0.7117
2013-04-22T16:27:39+0530: [Worker(delayed_job host:integra1-System-Product-Name pid:2520)] 1 jobs processed at 1.1782 j/s, 0 failed ...
2013-04-22T16:37:40+0530: [Worker(delayed_job host:integra1-System-Product-Name pid:2520)] Snorby::Jobs::SensorCacheJob completed after 0.7211
2013-04-22T16:37:40+0530: [Worker(delayed_job host:integra1-System-Product-Name pid:2520)] 1 jobs processed at 1.2383 j/s, 0 failed ...
2013-04-22T16:47:42+0530: [Worker(delayed_job host:integra1-System-Product-Name pid:2520)] Snorby::Jobs::SensorCacheJob completed after 0.6788
2013-04-22T16:47:42+0530: [Worker(delayed_job host:integra1-System-Product-Name pid:2520)] 1 jobs processed at 1.3081 j/s, 0 failed ...
2013-04-22T16:57:44+0530: [Worker(delayed_job host:integra1-System-Product-Name pid:2520)] Snorby::Jobs::SensorCacheJob completed after 0.6615
2013-04-22T16:57:44+0530: [Worker(delayed_job host:integra1-System-Product-Name pid:2520)] 1 jobs processed at 1.3199 j/s, 0 failed ...
2013-04-22T17:07:46+0530: [Worker(delayed_job host:integra1-System-Product-Name pid:2520)] Snorby::Jobs::SensorCacheJob completed after 0.6286
2013-04-22T17:07:46+0530: [Worker(delayed_job host:integra1-System-Product-Name pid:2520)] 1 jobs processed at 1.2195 j/s, 0 failed ...
2013-04-22T17:17:47+0530: [Worker(delayed_job host:integra1-System-Product-Name pid:2520)] Snorby::Jobs::SensorCacheJob completed after 0.6449
2013-04-22T17:17:47+0530: [Worker(delayed_job host:integra1-System-Product-Name pid:2520)] 1 jobs processed at 1.3707 j/s, 0 failed ...
2013-04-22T17:27:49+0530: [Worker(delayed_job host:integra1-System-Product-Name pid:2520)] Snorby::Jobs::SensorCacheJob completed after 0.6781
2013-04-22T17:27:49+0530: [Worker(delayed_job host:integra1-System-Product-Name pid:2520)] 1 jobs processed at 1.2595 j/s, 0 failed ...
